# JRE version: Java(TM) SE Runtime Environment (8.0_131-b11) (build 1.8.0_131-b11)
# Java VM: Java HotSpot(TM) 64-Bit Server VM (25.131-b11 mixed mode windows-amd64 compressed oops)
Heap:
 PSYoungGen      total 324608K, used 4302K [0x00000000d6b00000, 0x00000000eb680000, 0x0000000100000000)
  eden space 310784K, 0% used [0x00000000d6b00000,0x00000000d6b00000,0x00000000e9a80000)
  from space 13824K, 31% used [0x00000000ea900000,0x00000000ead33bb8,0x00000000eb680000)
  to   space 14336K, 0% used [0x00000000e9a80000,0x00000000e9a80000,0x00000000ea880000)
 ParOldGen       total 82432K, used 35356K [0x0000000084000000, 0x0000000089080000, 0x00000000d6b00000)
  object space 82432K, 42% used [0x0000000084000000,0x0000000086287250,0x0000000089080000)
 Metaspace       used 45673K, capacity 47784K, committed 47960K, reserved 1091584K
  class space    used 5749K, capacity 6135K, committed 6232K, reserved 1048576K
GC Heap History (10 events):
Event: 252.476 GC heap after
Heap after GC invocations=17 (full 4):
 PSYoungGen      total 242176K, used 0K [0x00000000d6b00000, 0x00000000ec100000, 0x0000000100000000)
  eden space 226816K, 0% used [0x00000000d6b00000,0x00000000d6b00000,0x00000000e4880000)
  from space 15360K, 0% used [0x00000000e4880000,0x00000000e4880000,0x00000000e5780000)
  to   space 15360K, 0% used [0x00000000eb200000,0x00000000eb200000,0x00000000ec100000)
 ParOldGen       total 82432K, used 31416K [0x0000000084000000, 0x0000000089080000, 0x00000000d6b00000)
  object space 82432K, 38% used [0x0000000084000000,0x0000000085eae128,0x0000000089080000)
 Metaspace       used 42461K, capacity 44190K, committed 44504K, reserved 1087488K
  class space    used 5399K, capacity 5756K, committed 5848K, reserved 1048576K
}
Event: 324.448 GC heap before
{Heap before GC invocations=18 (full 4):
 PSYoungGen      total 242176K, used 226816K [0x00000000d6b00000, 0x00000000ec100000, 0x0000000100000000)
  eden space 226816K, 100% used [0x00000000d6b00000,0x00000000e4880000,0x00000000e4880000)
  from space 15360K, 0% used [0x00000000e4880000,0x00000000e4880000,0x00000000e5780000)
  to   space 15360K, 0% used [0x00000000eb200000,0x00000000eb200000,0x00000000ec100000)
 ParOldGen       total 82432K, used 31416K [0x0000000084000000, 0x0000000089080000, 0x00000000d6b00000)
  object space 82432K, 38% used [0x0000000084000000,0x0000000085eae128,0x0000000089080000)
 Metaspace       used 43377K, capacity 45294K, committed 45528K, reserved 1089536K
  class space    used 5467K, capacity 5820K, committed 5848K, reserved 1048576K
Event: 324.481 GC heap after
Heap after GC invocations=18 (full 4):
 PSYoungGen      total 316928K, used 5794K [0x00000000d6b00000, 0x00000000eb800000, 0x0000000100000000)
  eden space 310784K, 0% used [0x00000000d6b00000,0x00000000d6b00000,0x00000000e9a80000)
  from space 6144K, 94% used [0x00000000eb200000,0x00000000eb7a8bc0,0x00000000eb800000)
  to   space 14848K, 0% used [0x00000000e9b00000,0x00000000e9b00000,0x00000000ea980000)
 ParOldGen       total 82432K, used 31424K [0x0000000084000000, 0x0000000089080000, 0x00000000d6b00000)
  object space 82432K, 38% used [0x0000000084000000,0x0000000085eb0128,0x0000000089080000)
 Metaspace       used 43377K, capacity 45294K, committed 45528K, reserved 1089536K
  class space    used 5467K, capacity 5820K, committed 5848K, reserved 1048576K
}
Event: 574.334 GC heap before
{Heap before GC invocations=19 (full 4):
 PSYoungGen      total 316928K, used 66808K [0x00000000d6b00000, 0x00000000eb800000, 0x0000000100000000)
  eden space 310784K, 19% used [0x00000000d6b00000,0x00000000da695478,0x00000000e9a80000)
  from space 6144K, 94% used [0x00000000eb200000,0x00000000eb7a8bc0,0x00000000eb800000)
  to   space 14848K, 0% used [0x00000000e9b00000,0x00000000e9b00000,0x00000000ea980000)
 ParOldGen       total 82432K, used 31424K [0x0000000084000000, 0x0000000089080000, 0x00000000d6b00000)
  object space 82432K, 38% used [0x0000000084000000,0x0000000085eb0128,0x0000000089080000)
 Metaspace       used 45254K, capacity 47174K, committed 47320K, reserved 1091584K
  class space    used 5718K, capacity 6083K, committed 6104K, reserved 1048576K
Event: 574.360 GC heap after
Heap after GC invocations=19 (full 4):
 PSYoungGen      total 313856K, used 2750K [0x00000000d6b00000, 0x00000000eb780000, 0x0000000100000000)
  eden space 310784K, 0% used [0x00000000d6b00000,0x00000000d6b00000,0x00000000e9a80000)
  from space 3072K, 89% used [0x00000000e9b00000,0x00000000e9dafb80,0x00000000e9e00000)
  to   space 14848K, 0% used [0x00000000ea900000,0x00000000ea900000,0x00000000eb780000)
 ParOldGen       total 82432K, used 34732K [0x0000000084000000, 0x0000000089080000, 0x00000000d6b00000)
  object space 82432K, 42% used [0x0000000084000000,0x00000000861eb2b0,0x0000000089080000)
 Metaspace       used 45254K, capacity 47174K, committed 47320K, reserved 1091584K
  class space    used 5718K, capacity 6083K, committed 6104K, reserved 1048576K
}
Event: 574.360 GC heap before
{Heap before GC invocations=20 (full 5):
 PSYoungGen      total 313856K, used 2750K [0x00000000d6b00000, 0x00000000eb780000, 0x0000000100000000)
  eden space 310784K, 0% used [0x00000000d6b00000,0x00000000d6b00000,0x00000000e9a80000)
  from space 3072K, 89% used [0x00000000e9b00000,0x00000000e9dafb80,0x00000000e9e00000)
  to   space 14848K, 0% used [0x00000000ea900000,0x00000000ea900000,0x00000000eb780000)
 ParOldGen       total 82432K, used 34732K [0x0000000084000000, 0x0000000089080000, 0x00000000d6b00000)
  object space 82432K, 42% used [0x0000000084000000,0x00000000861eb2b0,0x0000000089080000)
 Metaspace       used 45254K, capacity 47174K, committed 47320K, reserved 1091584K
  class space    used 5718K, capacity 6083K, committed 6104K, reserved 1048576K
Event: 574.864 GC heap after
Heap after GC invocations=20 (full 5):
 PSYoungGen      total 313856K, used 0K [0x00000000d6b00000, 0x00000000eb780000, 0x0000000100000000)
  eden space 310784K, 0% used [0x00000000d6b00000,0x00000000d6b00000,0x00000000e9a80000)
  from space 3072K, 0% used [0x00000000e9b00000,0x00000000e9b00000,0x00000000e9e00000)
  to   space 14848K, 0% used [0x00000000ea900000,0x00000000ea900000,0x00000000eb780000)
 ParOldGen       total 82432K, used 35348K [0x0000000084000000, 0x0000000089080000, 0x00000000d6b00000)
  object space 82432K, 42% used [0x0000000084000000,0x0000000086285250,0x0000000089080000)
 Metaspace       used 45254K, capacity 47174K, committed 47320K, reserved 1091584K
  class space    used 5718K, capacity 6083K, committed 6104K, reserved 1048576K
}
Event: 584.719 GC heap before
{Heap before GC invocations=21 (full 5):
 PSYoungGen      total 313856K, used 224518K [0x00000000d6b00000, 0x00000000eb780000, 0x0000000100000000)
  eden space 310784K, 72% used [0x00000000d6b00000,0x00000000e4641a10,0x00000000e9a80000)
  from space 3072K, 0% used [0x00000000e9b00000,0x00000000e9b00000,0x00000000e9e00000)
  to   space 14848K, 0% used [0x00000000ea900000,0x00000000ea900000,0x00000000eb780000)
 ParOldGen       total 82432K, used 35348K [0x0000000084000000, 0x0000000089080000, 0x00000000d6b00000)
  object space 82432K, 42% used [0x0000000084000000,0x0000000086285250,0x0000000089080000)
 Metaspace       used 45673K, capacity 47784K, committed 47960K, reserved 1091584K
  class space    used 5749K, capacity 6135K, committed 6232K, reserved 1048576K
Event: 584.735 GC heap after
Heap after GC invocations=21 (full 5):
 PSYoungGen      total 324608K, used 4302K [0x00000000d6b00000, 0x00000000eb680000, 0x0000000100000000)
  eden space 310784K, 0% used [0x00000000d6b00000,0x00000000d6b00000,0x00000000e9a80000)
  from space 13824K, 31% used [0x00000000ea900000,0x00000000ead33bb8,0x00000000eb680000)
  to   space 14336K, 0% used [0x00000000e9a80000,0x00000000e9a80000,0x00000000ea880000)
 ParOldGen       total 82432K, used 35356K [0x0000000084000000, 0x0000000089080000, 0x00000000d6b00000)
  object space 82432K, 42% used [0x0000000084000000,0x0000000086287250,0x0000000089080000)
 Metaspace       used 45673K, capacity 47784K, committed 47960K, reserved 1091584K
  class space    used 5749K, capacity 6135K, committed 6232K, reserved 1048576K
}
Event: 584.735 GC heap before
{Heap before GC invocations=22 (full 6):
 PSYoungGen      total 324608K, used 4302K [0x00000000d6b00000, 0x00000000eb680000, 0x0000000100000000)
  eden space 310784K, 0% used [0x00000000d6b00000,0x00000000d6b00000,0x00000000e9a80000)
  from space 13824K, 31% used [0x00000000ea900000,0x00000000ead33bb8,0x00000000eb680000)
  to   space 14336K, 0% used [0x00000000e9a80000,0x00000000e9a80000,0x00000000ea880000)
 ParOldGen       total 82432K, used 35356K [0x0000000084000000, 0x0000000089080000, 0x00000000d6b00000)
  object space 82432K, 42% used [0x0000000084000000,0x0000000086287250,0x0000000089080000)
 Metaspace       used 45673K, capacity 47784K, committed 47960K, reserved 1091584K
  class space    used 5749K, capacity 6135K, committed 6232K, reserved 1048576K

